[debug] [2021-02-27T16:33:44.806Z] ----------------------------------------------------------------------
[debug] [2021-02-27T16:33:44.810Z] Command:       C:\Program Files\nodejs\node.exe C:\Users\huak\AppData\Roaming\npm\node_modules\firebase-tools\lib\bin\firebase.js deploy
[debug] [2021-02-27T16:33:44.810Z] CLI Version:   9.2.1
[debug] [2021-02-27T16:33:44.810Z] Platform:      win32
[debug] [2021-02-27T16:33:44.811Z] Node Version:  v14.15.3
[debug] [2021-02-27T16:33:44.812Z] Time:          Sat Feb 27 2021 23:33:44 GMT+0700 (Indochina Time)
[debug] [2021-02-27T16:33:44.812Z] ----------------------------------------------------------------------
[debug] [2021-02-27T16:33:44.812Z] 
[debug] [2021-02-27T16:33:44.824Z] > command requires scopes: ["email","openid","https://www.googleapis.com/auth/cloudplatformprojects.readonly","https://www.googleapis.com/auth/firebase","https://www.googleapis.com/auth/cloud-platform"]
[debug] [2021-02-27T16:33:44.825Z] > authorizing via signed-in user
[debug] [2021-02-27T16:33:44.825Z] [iam] checking project monkeyfruad-54aff for permissions ["firebase.projects.get","firebasehosting.sites.update"]
[debug] [2021-02-27T16:33:44.830Z] >>> HTTP REQUEST POST https://cloudresourcemanager.googleapis.com/v1/projects/monkeyfruad-54aff:testIamPermissions  
 {"permissions":["firebase.projects.get","firebasehosting.sites.update"]}
[debug] [2021-02-27T16:33:46.471Z] <<< HTTP RESPONSE 200 {"content-type":"application/json; charset=UTF-8","vary":"X-Origin, Referer, Origin,Accept-Encoding","date":"Sat, 27 Feb 2021 16:33:45 GMT","server":"ESF","cache-control":"private","x-xss-protection":"0","x-frame-options":"SAMEORIGIN","x-content-type-options":"nosniff","server-timing":"gfet4t7; dur=1046","alt-svc":"h3-29=\":443\"; ma=2592000,h3-T051=\":443\"; ma=2592000,h3-Q050=\":443\"; ma=2592000,h3-Q046=\":443\"; ma=2592000,h3-Q043=\":443\"; ma=2592000,quic=\":443\"; ma=2592000; v=\"46,43\"","accept-ranges":"none","transfer-encoding":"chunked"}
[debug] [2021-02-27T16:33:46.478Z] > refreshing access token with scopes: []
[debug] [2021-02-27T16:33:46.478Z] >>> HTTP REQUEST POST https://www.googleapis.com/oauth2/v3/token  
 <request body omitted>
[debug] [2021-02-27T16:33:47.042Z] <<< HTTP RESPONSE 200 {"pragma":"no-cache","cache-control":"no-cache, no-store, max-age=0, must-revalidate","date":"Sat, 27 Feb 2021 16:33:45 GMT","expires":"Mon, 01 Jan 1990 00:00:00 GMT","content-type":"application/json; charset=utf-8","vary":"X-Origin, Referer, Origin,Accept-Encoding","server":"scaffolding on HTTPServer2","x-xss-protection":"0","x-frame-options":"SAMEORIGIN","x-content-type-options":"nosniff","alt-svc":"h3-29=\":443\"; ma=2592000,h3-T051=\":443\"; ma=2592000,h3-Q050=\":443\"; ma=2592000,h3-Q046=\":443\"; ma=2592000,h3-Q043=\":443\"; ma=2592000,quic=\":443\"; ma=2592000; v=\"46,43\"","accept-ranges":"none","transfer-encoding":"chunked"}
[debug] [2021-02-27T16:33:47.053Z] >>> [apiv2][query] GET https://firebase.googleapis.com/v1beta1/projects/monkeyfruad-54aff [none]
[debug] [2021-02-27T16:33:47.842Z] <<< [apiv2][status] GET https://firebase.googleapis.com/v1beta1/projects/monkeyfruad-54aff 200
[debug] [2021-02-27T16:33:47.843Z] <<< [apiv2][body] GET https://firebase.googleapis.com/v1beta1/projects/monkeyfruad-54aff {"projectId":"monkeyfruad-54aff","projectNumber":"669620808451","displayName":"MonkeyFruad","name":"projects/monkeyfruad-54aff","resources":{"hostingSite":"monkeyfruad-54aff","storageBucket":"monkeyfruad-54aff.appspot.com","locationId":"asia-east2"},"state":"ACTIVE"}
[info] 
[info] === Deploying to 'monkeyfruad-54aff'...
[info] 
[info] i  deploying hosting 
[debug] [2021-02-27T16:33:47.857Z] > refreshing access token with scopes: ["email","https://www.googleapis.com/auth/cloud-platform","https://www.googleapis.com/auth/cloudplatformprojects.readonly","https://www.googleapis.com/auth/firebase","openid"]
[debug] [2021-02-27T16:33:47.857Z] >>> HTTP REQUEST POST https://www.googleapis.com/oauth2/v3/token  
 <request body omitted>
[debug] [2021-02-27T16:33:48.472Z] <<< HTTP RESPONSE 200 {"pragma":"no-cache","cache-control":"no-cache, no-store, max-age=0, must-revalidate","expires":"Mon, 01 Jan 1990 00:00:00 GMT","date":"Sat, 27 Feb 2021 16:33:47 GMT","content-type":"application/json; charset=utf-8","vary":"X-Origin, Referer, Origin,Accept-Encoding","server":"scaffolding on HTTPServer2","x-xss-protection":"0","x-frame-options":"SAMEORIGIN","x-content-type-options":"nosniff","alt-svc":"h3-29=\":443\"; ma=2592000,h3-T051=\":443\"; ma=2592000,h3-Q050=\":443\"; ma=2592000,h3-Q046=\":443\"; ma=2592000,h3-Q043=\":443\"; ma=2592000,quic=\":443\"; ma=2592000; v=\"46,43\"","accept-ranges":"none","transfer-encoding":"chunked"}
[debug] [2021-02-27T16:33:48.479Z] >>> HTTP REQUEST POST https://firebasehosting.googleapis.com/v1beta1/sites/monkeyfruad-54aff/versions  
 {"config":{"rewrites":[{"glob":"**","path":"/index.html"}]},"labels":{"deployment-tool":"cli-firebase"}}
[debug] [2021-02-27T16:33:50.443Z] <<< HTTP RESPONSE 200 {"content-type":"application/json; charset=UTF-8","vary":"X-Origin, Referer, Origin,Accept-Encoding","date":"Sat, 27 Feb 2021 16:33:49 GMT","server":"ESF","cache-control":"private","x-xss-protection":"0","x-frame-options":"SAMEORIGIN","x-content-type-options":"nosniff","alt-svc":"h3-29=\":443\"; ma=2592000,h3-T051=\":443\"; ma=2592000,h3-Q050=\":443\"; ma=2592000,h3-Q046=\":443\"; ma=2592000,h3-Q043=\":443\"; ma=2592000,quic=\":443\"; ma=2592000; v=\"46,43\"","accept-ranges":"none","transfer-encoding":"chunked"}
[info] i  hosting[monkeyfruad-54aff]: beginning deploy... 
[info] i  hosting[monkeyfruad-54aff]: found 487 files in build 
